[    0.000000] Initializing cgroup subsys cpuset
[    0.000000] Initializing cgroup subsys cpu
[    0.000000] Initializing cgroup subsys cpuacct
[    0.000000] Linux version 4.4.0-210-generic (buildd@lgw01-amd64-009) (gcc version 5.4.0 20160609 (Ubuntu 5.4.0-6ubuntu1~16.04.12) ) #242-Ubuntu SMP Fri Apr 16 09:57:56 UTC 2021 (Ubuntu 4.4.0-210.242-generic 4.4.262)
[    0.000000] Command line: BOOT_IMAGE=/boot/vmlinuz-4.4.0-210-generic root=LABEL=cloudimg-rootfs ro console=tty1 console=ttyS0
[    0.000000] KERNEL supported cpus:
[    0.000000]   Intel GenuineIntel
[    0.000000]   AMD AuthenticAMD
[    0.000000]   Centaur CentaurHauls
[    0.000000] x86/fpu: Legacy x87 FPU detected.
[    0.000000] e820: BIOS-provided physical RAM map:
[    0.000000] BIOS-e820: [mem 0x0000000000000000-0x000000000009fbff] usable
[    0.000000] BIOS-e820: [mem 0x000000000009fc00-0x000000000009ffff] reserved
[    0.000000] BIOS-e820: [mem 0x00000000000f0000-0x00000000000fffff] reserved
[    0.000000] BIOS-e820: [mem 0x0000000000100000-0x000000003ffeffff] usable
[    0.000000] BIOS-e820: [mem 0x000000003fff0000-0x000000003fffffff] ACPI data
[    0.000000] BIOS-e820: [mem 0x00000000fec00000-0x00000000fec00fff] reserved
[    0.000000] BIOS-e820: [mem 0x00000000fee00000-0x00000000fee00fff] reserved
[    0.000000] BIOS-e820: [mem 0x00000000fffc0000-0x00000000ffffffff] reserved
[    0.000000] NX (Execute Disable) protection: active
[    0.000000] SMBIOS 2.5 present.
[    0.000000] Hypervisor detected: KVM
[    0.000000] Kernel/User page tables isolation: disabled
[    0.000000] e820: last_pfn = 0x3fff0 max_arch_pfn = 0x400000000
[    0.000000] MTRR: Disabled
[    0.000000] x86/PAT: MTRRs disabled, skipping PAT initialization too.
[    0.000000] CPU MTRRs all blank - virtualized system.
[    0.000000] x86/PAT: Configuration [0-7]: WB  WT  UC- UC  WB  WT  UC- UC  
[    0.000000] found SMP MP-table at [mem 0x0009fff0-0x0009ffff] mapped at [ffff88000009fff0]
[    0.000000] Scanning 1 areas for low memory corruption
[    0.000000] RAMDISK: [mem 0x362dc000-0x37165fff]
[    0.000000] ACPI: Early table checksum verification disabled
[    0.000000] ACPI: RSDP 0x00000000000E0000 000024 (v02 VBOX  )
[    0.000000] ACPI: XSDT 0x000000003FFF0030 00003C (v01 VBOX   VBOXXSDT 00000001 ASL  00000061)
[    0.000000] ACPI: FACP 0x000000003FFF00F0 0000F4 (v04 VBOX   VBOXFACP 00000001 ASL  00000061)
[    0.000000] ACPI: DSDT 0x000000003FFF0470 002325 (v02 VBOX   VBOXBIOS 00000002 INTL 20100528)
[    0.000000] ACPI: FACS 0x000000003FFF0200 000040
[    0.000000] ACPI: FACS 0x000000003FFF0200 000040
[    0.000000] ACPI: APIC 0x000000003FFF0240 00005C (v02 VBOX   VBOXAPIC 00000001 ASL  00000061)
[    0.000000] ACPI: SSDT 0x000000003FFF02A0 0001CC (v01 VBOX   VBOXCPUT 00000002 INTL 20100528)
[    0.000000] No NUMA configuration found
[    0.000000] Faking a node at [mem 0x0000000000000000-0x000000003ffeffff]
[    0.000000] NODE_DATA(0) allocated [mem 0x3ffeb000-0x3ffeffff]
[    0.000000] kvm-clock: Using msrs 4b564d01 and 4b564d00
[    0.000000] kvm-clock: cpu 0, msr 0:3ffe3001, primary cpu clock
[    0.000000] kvm-clock: using sched offset of 3864707236 cycles
[    0.000000] clocksource: kvm-clock: mask: 0xffffffffffffffff max_cycles: 0x1cd42e4dffb, max_idle_ns: 881590591483 ns
[    0.000000] Zone ranges:
[    0.000000]   DMA      [mem 0x0000000000001000-0x0000000000ffffff]
[    0.000000]   DMA32    [mem 0x0000000001000000-0x000000003ffeffff]
[    0.000000]   Normal   empty
[    0.000000]   Device   empty
[    0.000000] Movable zone start for each node
[    0.000000] Early memory node ranges
[    0.000000]   node   0: [mem 0x0000000000001000-0x000000000009efff]
[    0.000000]   node   0: [mem 0x0000000000100000-0x000000003ffeffff]
[    0.000000] Initmem setup node 0 [mem 0x0000000000001000-0x000000003ffeffff]
[    0.000000] ACPI: PM-Timer IO Port: 0x4008
[    0.000000] IOAPIC[0]: apic_id 2, version 32, address 0xfec00000, GSI 0-23
[    0.000000] ACPI: INT_SRC_OVR (bus 0 bus_irq 0 global_irq 2 dfl dfl)
[    0.000000] ACPI: INT_SRC_OVR (bus 0 bus_irq 9 global_irq 9 low level)
[    0.000000] Using ACPI (MADT) for SMP configuration information
[    0.000000] smpboot: Allowing 2 CPUs, 0 hotplug CPUs
[    0.000000] PM: Registered nosave memory: [mem 0x00000000-0x00000fff]
[    0.000000] PM: Registered nosave memory: [mem 0x0009f000-0x0009ffff]
[    0.000000] PM: Registered nosave memory: [mem 0x000a0000-0x000effff]
[    0.000000] PM: Registered nosave memory: [mem 0x000f0000-0x000fffff]
[    0.000000] e820: [mem 0x40000000-0xfebfffff] available for PCI devices
[    0.000000] Booting paravirtualized kernel on KVM
[    0.000000] clocksource: refined-jiffies: mask: 0xffffffff max_cycles: 0xffffffff, max_idle_ns: 7645519600211568 ns
[    0.000000] setup_percpu: NR_CPUS:512 nr_cpumask_bits:512 nr_cpu_ids:2 nr_node_ids:1
[    0.000000] PERCPU: Embedded 33 pages/cpu @ffff88003fc00000 s95192 r8192 d31784 u1048576
[    0.000000] Built 1 zonelists in Node order, mobility grouping on.  Total pages: 257912
[    0.000000] Policy zone: DMA32
[    0.000000] Kernel command line: BOOT_IMAGE=/boot/vmlinuz-4.4.0-210-generic root=LABEL=cloudimg-rootfs ro console=tty1 console=ttyS0
[    0.000000] PID hash table entries: 4096 (order: 3, 32768 bytes)
[    0.000000] Memory: 997792K/1048120K available (8644K kernel code, 1332K rwdata, 4044K rodata, 1492K init, 1164K bss, 50328K reserved, 0K cma-reserved)
[    0.000000] SLUB: HWalign=64, Order=0-3, MinObjects=0, CPUs=2, Nodes=1
[    0.000000] Hierarchical RCU implementation.
[    0.000000] 	Build-time adjustment of leaf fanout to 64.
[    0.000000] 	RCU restricting CPUs from NR_CPUS=512 to nr_cpu_ids=2.
[    0.000000] RCU: Adjusting geometry for rcu_fanout_leaf=64, nr_cpu_ids=2
[    0.000000] NR_IRQS:33024 nr_irqs:440 16
[    0.000000] Console: colour VGA+ 80x25
[    0.000000] console [tty1] enabled
[    0.000000] console [ttyS0] enabled
[    0.000000] tsc: Detected 1497.602 MHz processor
[    0.512869] Calibrating delay loop (skipped) preset value.. 2995.20 BogoMIPS (lpj=5990408)
[    0.520217] pid_max: default: 32768 minimum: 301
[    0.524068] ACPI: Core revision 20150930
[    0.528329] ACPI: 2 ACPI AML tables successfully acquired and loaded
[    0.534309] Security Framework initialized
[    0.537803] Yama: becoming mindful.
[    0.542569] AppArmor: AppArmor initialized
[    0.546108] Dentry cache hash table entries: 131072 (order: 8, 1048576 bytes)
[    0.559436] Inode-cache hash table entries: 65536 (order: 7, 524288 bytes)
[    0.567479] Mount-cache hash table entries: 2048 (order: 2, 16384 bytes)
[    0.574045] Mountpoint-cache hash table entries: 2048 (order: 2, 16384 bytes)
[    0.580825] Initializing cgroup subsys io
[    0.586037] Initializing cgroup subsys memory
[    0.589828] Initializing cgroup subsys devices
[    0.593703] Initializing cgroup subsys freezer
[    0.597587] Initializing cgroup subsys net_cls
[    0.601647] Initializing cgroup subsys perf_event
[    0.606409] Initializing cgroup subsys net_prio
[    0.612070] Initializing cgroup subsys hugetlb
[    0.618431] Initializing cgroup subsys pids
[    0.623466] mce: CPU supports 0 MCE banks
[    0.629207] Last level iTLB entries: 4KB 0, 2MB 0, 4MB 0
[    0.634777] Last level dTLB entries: 4KB 0, 2MB 0, 4MB 0, 1GB 0
[    0.643108] Spectre V1 : Mitigation: usercopy/swapgs barriers and __user pointer sanitization
[    0.657569] Spectre V2 : Mitigation: Enhanced IBRS
[    0.662158] Spectre V2 : Spectre v2 / SpectreRSB mitigation: Filling RSB on context switch
[    0.673028] Speculative Store Bypass: Vulnerable
[    0.714811] Freeing SMP alternatives memory: 36K
[    0.803639] ftrace: allocating 32380 entries in 127 pages
[    1.364548] smpboot: APIC(0) Converting physical 0 to logical package 0
[    1.373239] smpboot: Max logical packages: 1
[    1.389746] ..TIMER: vector=0x30 apic1=0 pin1=2 apic2=-1 pin2=-1
[    1.505463] smpboot: CPU0: Intel(R) Core(TM) i7-1065G7 CPU @ 1.30GHz (family: 0x6, model: 0x7e, stepping: 0x5)
[    1.515091] Performance Events: unsupported p6 CPU model 126 no PMU driver, software events only.
[    1.616340] KVM setup paravirtual spinlock
[    1.622315] x86: Booting SMP configuration:
[    1.627135] .... node  #0, CPUs:      #1
[    1.631827] kvm-clock: cpu 1, msr 0:3ffe3041, secondary cpu clock
[    1.636342] mce: CPU supports 0 MCE banks
[    1.640189] TSC synchronization [CPU#0 -> CPU#1]:
[    1.643955] Measured 31453 cycles TSC warp between CPUs, turning off TSC clock.
[    1.649781] tsc: Marking TSC unstable due to check_tsc_sync_source failed
[    0.488733] x86: Booted up 1 node, 2 CPUs
[    0.492003] smpboot: Total of 2 processors activated (5990.40 BogoMIPS)
[    0.500593] devtmpfs: initialized
[    0.505220] evm: security.selinux
[    0.508002] evm: security.SMACK64
[    0.510711] evm: security.SMACK64EXEC
[    0.512003] evm: security.SMACK64TRANSMUTE
[    0.516003] evm: security.SMACK64MMAP
[    0.520003] evm: security.ima
[    0.524002] evm: security.capability
[    0.528376] clocksource: jiffies: mask: 0xffffffff max_cycles: 0xffffffff, max_idle_ns: 7645041785100000 ns
[    0.532028] futex hash table entries: 512 (order: 3, 32768 bytes)
[    0.536365] pinctrl core: initialized pinctrl subsystem
[    0.544263] RTC time:  1:55:44, date: 08/18/22
[    0.548889] NET: Registered protocol family 16
[    0.564010] cpuidle: using governor ladder
[    0.576018] cpuidle: using governor menu
[    0.579222] PCCT header not found.
[    0.580193] ACPI: bus type PCI registered
[    0.584008] acpiphp: ACPI Hot Plug PCI Controller Driver version: 0.5
[    0.592160] PCI: Using configuration type 1 for base access
[    0.612464] ACPI: Added _OSI(Module Device)
[    0.616005] ACPI: Added _OSI(Processor Device)
[    0.620002] ACPI: Added _OSI(3.0 _SCP Extensions)
[    0.624005] ACPI: Added _OSI(Processor Aggregator Device)
[    0.629135] ACPI: Executed 1 blocks of module-level executable AML code
[    0.640523] ACPI: Interpreter enabled
[    0.644020] ACPI: (supports S0 S5)
[    0.646861] ACPI: Using IOAPIC for interrupt routing
[    0.648331] PCI: Using host bridge windows from ACPI; if necessary, use "pci=nocrs" and report a bug
[    0.662718] ACPI: PCI Root Bridge [PCI0] (domain 0000 [bus 00-ff])
[    0.668004] acpi PNP0A03:00: _OSC: OS supports [ASPM ClockPM Segments MSI]
[    0.672628] acpi PNP0A03:00: _OSC: not requesting OS control; OS requires [ExtendedConfig ASPM ClockPM MSI]
[    0.676017] acpi PNP0A03:00: fail to add MMCONFIG information, can't access extended PCI configuration space under this bridge.
[    0.684319] PCI host bridge to bus 0000:00
[    0.687731] pci_bus 0000:00: root bus resource [io  0x0000-0x0cf7 window]
[    0.688008] pci_bus 0000:00: root bus resource [io  0x0d00-0xffff window]
[    0.692007] pci_bus 0000:00: root bus resource [mem 0x000a0000-0x000bffff window]
[    0.696006] pci_bus 0000:00: root bus resource [mem 0x40000000-0xfdffffff window]
[    0.700006] pci_bus 0000:00: root bus resource [bus 00-ff]
[    0.710362] pci 0000:00:01.1: legacy IDE quirk: reg 0x10: [io  0x01f0-0x01f7]
[    0.712004] pci 0000:00:01.1: legacy IDE quirk: reg 0x14: [io  0x03f6]
[    0.716008] pci 0000:00:01.1: legacy IDE quirk: reg 0x18: [io  0x0170-0x0177]
[    0.720007] pci 0000:00:01.1: legacy IDE quirk: reg 0x1c: [io  0x0376]
[    0.742818] pci 0000:00:07.0: quirk: [io  0x4000-0x403f] claimed by PIIX4 ACPI
[    0.744040] pci 0000:00:07.0: quirk: [io  0x4100-0x410f] claimed by PIIX4 SMB
[    0.756770] ACPI: PCI Interrupt Link [LNKA] (IRQs 5 9 10 *11)
[    0.763179] ACPI: PCI Interrupt Link [LNKB] (IRQs 5 9 *10 11)
[    0.772205] ACPI: PCI Interrupt Link [LNKC] (IRQs 5 *9 10 11)
[    0.778818] ACPI: PCI Interrupt Link [LNKD] (IRQs 5 9 10 *11)
[    0.785617] ACPI: Enabled 2 GPEs in block 00 to 07
[    0.788287] vgaarb: setting as boot device: PCI:0000:00:02.0
[    0.792000] vgaarb: device added: PCI:0000:00:02.0,decodes=io+mem,owns=io+mem,locks=none
[    0.792004] vgaarb: loaded
[    0.796003] vgaarb: bridge control possible 0000:00:02.0
[    0.800382] SCSI subsystem initialized
[    0.804192] ACPI: bus type USB registered
[    0.808021] usbcore: registered new interface driver usbfs
[    0.812035] usbcore: registered new interface driver hub
[    0.816034] usbcore: registered new device driver usb
[    0.824444] PCI: Using ACPI for IRQ routing
[    0.828753] NetLabel: Initializing
[    0.832002] NetLabel:  domain hash size = 128
[    0.836002] NetLabel:  protocols = UNLABELED CIPSOv4
[    0.840015] NetLabel:  unlabeled traffic allowed by default
[    0.844151] amd_nb: Cannot enumerate AMD northbridges
[    0.848245] clocksource: Switched to clocksource kvm-clock
[    0.876281] AppArmor: AppArmor Filesystem Enabled
[    0.876281] pnp: PnP ACPI init
[    0.876281] pnp: PnP ACPI: found 3 devices
[    0.935195] clocksource: acpi_pm: mask: 0xffffff max_cycles: 0xffffff, max_idle_ns: 2085701024 ns
[    0.936646] NET: Registered protocol family 2
[    0.947932] TCP established hash table entries: 8192 (order: 4, 65536 bytes)
[    0.954272] TCP bind hash table entries: 8192 (order: 5, 131072 bytes)
[    0.958005] TCP: Hash tables configured (established 8192 bind 8192)
[    0.958005] UDP hash table entries: 512 (order: 2, 16384 bytes)
[    0.958005] UDP-Lite hash table entries: 512 (order: 2, 16384 bytes)
[    0.958005] NET: Registered protocol family 1
[    0.958005] pci 0000:00:00.0: Limiting direct PCI/PCI transfers
[    0.958005] pci 0000:00:01.0: Activating ISA DMA hang workarounds
[    0.958005] Unpacking initramfs...
[    0.958005] Freeing initrd memory: 14888K
[    0.958005] clocksource: tsc: mask: 0xffffffffffffffff max_cycles: 0x159649535e5, max_idle_ns: 440795218057 ns
[    0.958005] platform rtc_cmos: registered platform RTC device (no PNP device found)
[    0.958005] Scanning for low memory corruption every 60 seconds
[    1.343306] audit: initializing netlink subsys (disabled)
[    1.347834] audit: type=2000 audit(1660787750.012:1): initialized
[    1.352874] Initialise system trusted keyring
[    1.357802] HugeTLB registered 2 MB page size, pre-allocated 0 pages
[    1.364937] zbud: loaded
[    1.368336] VFS: Disk quotas dquot_6.6.0
[    1.371550] VFS: Dquot-cache hash table entries: 512 (order 0, 4096 bytes)
[    1.377152] squashfs: version 4.0 (2009/01/31) Phillip Lougher
[    1.386634] fuse init (API version 7.23)
[    1.390772] Key type big_key registered
[    1.394136] Allocating IMA MOK and blacklist keyrings.
[    1.415585] Key type asymmetric registered
[    1.420345] Asymmetric key parser 'x509' registered
[    1.424314] Block layer SCSI generic (bsg) driver version 0.4 loaded (major 249)
[    1.430813] io scheduler noop registered
[    1.434127] io scheduler deadline registered (default)
[    1.438248] io scheduler cfq registered
[    1.441757] pci_hotplug: PCI Hot Plug PCI Core version: 0.5
[    1.446221] pciehp: PCI Express Hot Plug Controller Driver version: 0.4
[    1.452325] ACPI: AC Adapter [AC] (on-line)
[    1.456292] input: Power Button as /devices/LNXSYSTM:00/LNXPWRBN:00/input/input0
[    1.462365] ACPI: Power Button [PWRF]
[    1.465683] input: Sleep Button as /devices/LNXSYSTM:00/LNXSLPBN:00/input/input1
[    1.471862] ACPI: Sleep Button [SLPF]
[    1.475833] GHES: HEST is not enabled!
[    1.477298] ACPI: Battery Slot [BAT0] (battery present)
[    1.484568] Serial: 8250/16550 driver, 32 ports, IRQ sharing enabled
[    1.515120] 00:02: ttyS0 at I/O 0x3f8 (irq = 4, base_baud = 115200) is a 16550A
[    1.538493] Linux agpgart interface v0.103
[    1.555296] loop: module loaded
[    1.560116] scsi host0: ata_piix
[    1.563549] scsi host1: ata_piix
[    1.566408] ata1: PATA max UDMA/33 cmd 0x1f0 ctl 0x3f6 bmdma 0xd000 irq 14
[    1.570302] ata2: PATA max UDMA/33 cmd 0x170 ctl 0x376 bmdma 0xd008 irq 15
[    1.580201] libphy: Fixed MDIO Bus: probed
[    1.584590] tun: Universal TUN/TAP device driver, 1.6
[    1.589105] tun: (C) 1999-2004 Max Krasnyansky <maxk@qualcomm.com>
[    1.594790] PPP generic driver version 2.4.2
[    1.599086] ehci_hcd: USB 2.0 'Enhanced' Host Controller (EHCI) Driver
[    1.604991] ehci-pci: EHCI PCI platform driver
[    1.609028] ehci-platform: EHCI generic platform driver
[    1.613977] ohci_hcd: USB 1.1 'Open' Host Controller (OHCI) Driver
[    1.618821] ohci-pci: OHCI PCI platform driver
[    1.622446] ohci-platform: OHCI generic platform driver
[    1.626678] uhci_hcd: USB Universal Host Controller Interface driver
[    1.632289] i8042: PNP: PS/2 Controller [PNP0303:PS2K,PNP0f03:PS2M] at 0x60,0x64 irq 1,12
[    1.641815] serio: i8042 KBD port at 0x60,0x64 irq 1
[    1.647754] serio: i8042 AUX port at 0x60,0x64 irq 12
[    1.652905] mousedev: PS/2 mouse device common for all mice
[    1.661799] rtc_cmos rtc_cmos: rtc core: registered rtc_cmos as rtc0
[    1.667393] input: AT Translated Set 2 keyboard as /devices/platform/i8042/serio0/input/input2
[    1.673162] rtc_cmos rtc_cmos: alarms up to one day, 114 bytes nvram
[    1.673177] i2c /dev entries driver
[    1.673276] device-mapper: uevent: version 1.0.3
[    1.673371] device-mapper: ioctl: 4.34.0-ioctl (2015-10-28) initialised: dm-devel@redhat.com
[    1.673389] ledtrig-cpu: registered to indicate activity on CPUs
[    1.675434] NET: Registered protocol family 10
[    1.675692] NET: Registered protocol family 17
[    1.675700] Key type dns_resolver registered
[    1.676108] registered taskstats version 1
[    1.676118] Loading compiled-in X.509 certificates
[    1.676633] Loaded X.509 cert 'Build time autogenerated kernel key: cf00e047681d67edb2720680708b7d9498083038'
[    1.676649] zswap: loaded using pool lzo/zbud
[    1.678379] Key type trusted registered
[    1.681254] Key type encrypted registered
[    1.681259] AppArmor: AppArmor sha1 policy hashing enabled
[    1.681261] ima: No TPM chip found, activating TPM-bypass!
[    1.681264] ima: Allocated hash algorithm: sha1
[    1.681312] evm: HMAC attrs: 0x1
[    1.681884]   Magic number: 2:359:913
[    1.682659] rtc_cmos rtc_cmos: setting system clock to 2022-08-18 01:55:45 UTC (1660787745)
[    1.682720] BIOS EDD facility v0.16 2004-Jun-25, 0 devices found
[    1.682721] EDD information not available.
[    1.793868] Freeing unused kernel memory: 1492K
[    1.812661] Write protecting the kernel read-only data: 14336k
[    1.822722] Freeing unused kernel memory: 1584K
[    1.829800] Freeing unused kernel memory: 52K
Loading, please wait...
starting version 229
[    1.858792] random: systemd-udevd: uninitialized urandom read (16 bytes read, 5 bits of entropy available)
[    1.858789] random: udevadm: uninitialized urandom read (16 bytes read, 5 bits of entropy available)
[    1.858801] random: udevadm: uninitialized urandom read (16 bytes read, 5 bits of entropy available)
[    1.869120] random: udevadm: uninitialized urandom read (16 bytes read, 5 bits of entropy available)
[    1.869148] random: udevadm: uninitialized urandom read (16 bytes read, 5 bits of entropy available)
[    1.869272] random: udevadm: uninitialized urandom read (16 bytes read, 5 bits of entropy available)
[    1.869328] random: udevadm: uninitialized urandom read (16 bytes read, 5 bits of entropy available)
[    1.869360] random: udevadm: uninitialized urandom read (16 bytes read, 5 bits of entropy available)
[    1.869434] random: udevadm: uninitialized urandom read (16 bytes read, 5 bits of entropy available)
[    1.869464] random: udevadm: uninitialized urandom read (16 bytes read, 5 bits of entropy available)
[    1.969957] e1000: Intel(R) PRO/1000 Network Driver - version 7.3.21-k8-NAPI
[    1.978237] e1000: Copyright (c) 1999-2006 Intel Corporation.
[    1.988762] Fusion MPT base driver 3.04.20
[    1.994547] Copyright (c) 1999-2008 LSI Corporation
[    2.021733] Fusion MPT SPI Host driver 3.04.20
[    2.229994] input: ImExPS/2 Generic Explorer Mouse as /devices/platform/i8042/serio1/input/input4
[    2.931282] e1000 0000:00:03.0 eth0: (PCI:33MHz:32-bit) 02:be:82:6b:cc:1d
[    2.937815] e1000 0000:00:03.0 eth0: Intel(R) PRO/1000 Network Connection
[    2.945253] mptbase: ioc0: Initiating bringup
[    2.946137] e1000 0000:00:03.0 enp0s3: renamed from eth0
[    3.042812] ioc0: LSI53C1030 A0: Capabilities={Initiator}
[    3.269255] scsi host2: ioc0: LSI53C1030 A0, FwRev=00000000h, Ports=1, MaxQ=256, IRQ=20
[    3.726480] scsi 2:0:0:0: Direct-Access     VBOX     HARDDISK         1.0  PQ: 0 ANSI: 5
[    3.734352] scsi target2:0:0: Beginning Domain Validation
[    3.743606] scsi target2:0:0: Domain Validation skipping write tests
[    3.749132] scsi target2:0:0: Ending Domain Validation
[    3.754322] scsi target2:0:0: asynchronous
[    3.761437] scsi 2:0:1:0: Direct-Access     VBOX     HARDDISK         1.0  PQ: 0 ANSI: 5
[    3.768920] scsi target2:0:1: Beginning Domain Validation
[    3.779374] scsi target2:0:1: Domain Validation skipping write tests
[    3.785217] scsi target2:0:1: Ending Domain Validation
[    3.791261] scsi target2:0:1: asynchronous
[    3.819604] sd 2:0:0:0: [sda] 83886080 512-byte logical blocks: (42.9 GB/40.0 GiB)
[    3.826202] sd 2:0:0:0: Attached scsi generic sg0 type 0
[    3.831905] sd 2:0:0:0: [sda] Write Protect is off
[    3.837097] sd 2:0:1:0: [sdb] 20480 512-byte logical blocks: (10.5 MB/10.0 MiB)
[    3.843453] sd 2:0:1:0: Attached scsi generic sg1 type 0
[    3.866401] sd 2:0:0:0: [sda] Incomplete mode parameter data
[    3.908037] sd 2:0:0:0: [sda] Assuming drive cache: write through
[    3.916789] sd 2:0:1:0: [sdb] Write Protect is off
[    3.925483] sd 2:0:1:0: [sdb] Incomplete mode parameter data
[    3.929897]  sda: sda1
[    3.935813] sd 2:0:1:0: [sdb] Assuming drive cache: write through
[    3.950760] sd 2:0:0:0: [sda] Attached SCSI disk
[    3.961872] sd 2:0:1:0: [sdb] Attached SCSI disk
Begin: Loading essential drivers ... [    5.559398] md: linear personality registered for level -1
[    5.570045] md: multipath personality registered for level -4
[    5.580883] md: raid0 personality registered for level 0
[    5.602484] md: raid1 personality registered for level 1
[    5.959076] raid6: sse2x1   gen() 57176 MB/s
[    7.959223] raid6: sse2x1   xor() 125145 MB/s
[    8.950770] raid6: sse2x2   gen() 230321 MB/s
[   10.950712] raid6: sse2x2   xor() 169152 MB/s
[   11.021913] raid6: sse2x4   gen() 15430 MB/s
[   11.096860] raid6: sse2x4   xor()  9936 MB/s
[   11.102992] raid6: using algorithm sse2x2 gen() 230321 MB/s
[   11.108172] raid6: .... xor() 169152 MB/s, rmw enabled
[   11.113445] raid6: using ssse3x2 recovery algorithm
[   11.120744] xor: measuring software checksum speed
[   11.160095]    prefetch64-sse: 21950.000 MB/sec
[   11.204166]    generic_sse: 20048.000 MB/sec
[   11.208127] xor: using function: prefetch64-sse (21950.000 MB/sec)
[   11.216237] async_tx: api initialized (async)
[   11.261358] md: raid6 personality registered for level 6
[   11.268577] md: raid5 personality registered for level 5
[   11.273489] md: raid4 personality registered for level 4
[   11.295441] md: raid10 personality registered for level 10
done.
Begin: Running /scripts/init-premount ... done.
Begin: Mounting root file system ... Begin: Running /scripts/local-top ... done.
Begin: Running /scripts/local-premount ... [   11.372915] Btrfs loaded
Scanning for Btrfs filesystems
done.
Warning: fsck not present, so skipping root file system
[   11.440092] EXT4-fs (sda1): mounted filesystem with ordered data mode. Opts: (null)
done.
Begin: Running /scripts/local-bottom ... done.
Begin: Running /scripts/init-bottom ... done.
[   11.604409] systemd[1]: systemd 229 running in system mode. (+PAM +AUDIT +SELINUX +IMA +APPARMOR +SMACK +SYSVINIT +UTMP +LIBCRYPTSETUP +GCRYPT +GNUTLS +ACL +XZ -LZ4 +SECCOMP +BLKID +ELFUTILS +KMOD -IDN)
[   11.619261] systemd[1]: Detected virtualization oracle.
[   11.623958] systemd[1]: Detected architecture x86-64.

Welcome to [1mUbuntu 16.04.7 LTS[0m!

[   11.638078] systemd[1]: Set hostname to <ubuntu>.
[   11.648457] systemd[1]: Initializing machine ID from random generator.
[   11.654430] systemd[1]: Installed transient /etc/machine-id file.
[   11.851266] systemd[1]: Created slice User and Session Slice.
[[0;32m  OK  [0m] Created slice User and Session Slice.
[   11.861443] systemd[1]: Listening on Journal Socket (/dev/log).
[[0;32m  OK  [0m] Listening on Journal Socket (/dev/log).
[   11.870803] systemd[1]: Started Forward Password Requests to Wall Directory Watch.
[[0;32m  OK  [0m] Started Forward Password Requests to Wall Directory Watch.
[   11.882253] systemd[1]: Listening on LVM2 poll daemon socket.
[[0;32m  OK  [0m] Listening on LVM2 poll daemon socket.
[   11.891867] systemd[1]: Listening on udev Kernel Socket.
[[0;32m  OK  [0m] Listening on udev Kernel Socket.
[   11.901011] systemd[1]: Listening on udev Control Socket.
[[0;32m  OK  [0m] Listening on udev Control Socket.
[   11.911936] systemd[1]: Listening on /dev/initctl Compatibility Named Pipe.
[[0;32m  OK  [0m] Listening on /dev/initctl Compatibility Named Pipe.
[   11.922156] systemd[1]: Reached target Swap.
[[0;32m  OK  [0m] Reached target Swap.
[   11.932085] systemd[1]: Listening on Journal Audit Socket.
[[0;32m  OK  [0m] Listening on Journal Audit Socket.
[   11.945445] systemd[1]: Reached target User and Group Name Lookups.
[[0;32m  OK  [0m] Reached target User and Group Name Lookups.
[   11.957557] systemd[1]: Listening on Journal Socket.
[[0;32m  OK  [0m] Listening on Journal Socket.
[   11.969339] systemd[1]: Reached target Encrypted Volumes.
[[0;32m  OK  [0m] Reached target Encrypted Volumes.
[   11.980567] systemd[1]: Listening on LVM2 metadata daemon socket.
[[0;32m  OK  [0m] Listening on LVM2 metadata daemon socket.
[   11.991892] systemd[1]: Created slice System Slice.
[[0;32m  OK  [0m] Created slice System Slice.
[   12.016697] systemd[1]: Mounting Debug File System...
         Mounting Debug File System...
[   12.028352] systemd[1]: Starting Set console keymap...
         Starting Set console keymap...
[   12.042259] systemd[1]: Starting Uncomplicated firewall...
         Starting Uncomplicated firewall...
[   12.054770] systemd[1]: Created slice system-serial\x2dgetty.slice.
[[0;32m  OK  [0m] Created slice system-serial\x2dgetty.slice.
[   12.071586] systemd[1]: Starting Nameserver information manager...
         Starting Nameserver information manager...
[   12.086420] systemd[1]: Mounting POSIX Message Queue File System...
         Mounting POSIX Message Queue File System...
[   12.098410] systemd[1]: Reached target Slices.
[[0;32m  OK  [0m] Reached target Slices.
[   12.109150] systemd[1]: Starting Create list of required static device nodes for the current kernel...
         Starting Create list of required st... nodes for the current kernel...
[   12.124831] systemd[1]: Started Trigger resolvconf update for networkd DNS.
[[0;32m  OK  [0m] Started Trigger resolvconf update for networkd DNS.
[   12.139821] systemd[1]: Starting Load Kernel Modules...
         Starting Load Kernel Modules...
[   12.156591] systemd[1]: Mounting Huge Pages File System...
         Mounting Huge Pages File System...[   12.168505] Loading iSCSI transport class v2.0-870.

[   12.172675] systemd[1]: Reached target System Time Synchronized.
[[0;32m  OK  [0m] Reached target System Time Synchronized.
[   12.186194] systemd[1]: Listening on Device-mapper event daemon FIFOs.
[[0;32m  OK  [0m] Listening on Device-mapper event daemon FIFOs.[   12.198980] iscsi: registered transport (tcp)

[   12.213099] systemd[1]: Starting Monitoring of LVM2 mirrors, snapshots etc. using dmeventd or progress polling...
         Starting Monitoring of LVM2 mirrors... dmeventd or progress polling...
[   12.235152] systemd[1]: Listening on Syslog Socket.
[[0;32m  OK  [0m] Listening on Syslog Socket.
[   12.251736] systemd[1]: Starting Journal Service...
         Starting Journal Service...
[   12.272159] systemd[1]: Listening on fsck to fsckd communication Socket.
[[0;32m  OK  [0m] Listening on fsck to fsckd communication Socket.
[   12.291766] systemd[1]: Set up automount Arbitrary Executable File Formats File System Automount Point.
[[0;32m  OK  [0m] Set up automount Arbitrary Executab...ats File System Automount Point.
[   12.325057] systemd[1]: Starting File System Check on Root Device...
         Starting File System Check on Root Device...
[   12.344929] systemd[1]: Mounted Huge Pages File System.
[[0;32m  OK  [0m] Mounted Huge Pages File System.
[   12.365201] systemd[1]: Mounted POSIX Message Queue File System.
[   12.373374] iscsi: registered transport (iser)
[[0;32m  OK  [0m] Mounted POSIX Message Queue File System.
[   12.383496] systemd[1]: Mounted Debug File System.
[[0;32m  OK  [0m] Mounted Debug File System.
[   12.394062] systemd[1]: Started Journal Service.
[[0;32m  OK  [0m] Started Journal Service.
[[0;32m  OK  [0m] Started Set console keymap.
[[0;32m  OK  [0m] Started Uncomplicated firewall.
[[0;32m  OK  [0m] Started Create list of required sta...ce nodes for the current kernel.
[[0;32m  OK  [0m] Started Load Kernel Modules.
[[0;32m  OK  [0m] Started File System Check on Root Device.
[[0;32m  OK  [0m] Started Nameserver information manager.
[[0;32m  OK  [0m] Started LVM2 metadata daemon.
[[0;32m  OK  [0m] Started File System Check Daemon to report status.
         Starting Remount Root and Kernel File Systems...
         Starting Apply Kernel Variables...
         Mounting FUSE Control File System...
[   12.488853] EXT4-fs (sda1): re-mounted. Opts: (null)
         Starting Create Static Device Nodes in /dev...
[[0;32m  OK  [0m] Mounted FUSE Control File System.
[[0;32m  OK  [0m] Started Remount Root and Kernel File Systems.
         Starting Flush Journal to Persistent Storage...
         Starting udev Coldplug all Devices...
         Starting Load/Save Random Seed...
[[0;32m  OK  [0m] Started Apply Kernel Variables.
[[0;32m  OK  [0m] Started Load/Save Random Seed.
[[0;32m  OK  [0m] Started Create Static Device Nodes in /dev.
[[0;32m  OK  [0m] Started Flush Journal to Persistent Storage.
         Starting udev Kernel Device Manager...
[[0;32m  OK  [0m] Started Monitoring of LVM2 mirrors,...ng dmeventd or progress polling.
[[0;32m  OK  [0m] Reached target Local File Systems (Pre).
[[0;32m  OK  [0m] Reached target Local File Systems.
         Starting Set console font and keymap...
         Starting Initial cloud-init job (pre-networking)...
         Starting Commit a transient machine-id on disk...
         Starting Create Volatile Files and Directories...
         Starting LSB: AppArmor initialization...
         Starting Tell Plymouth To Write Out Runtime Data...
[[0;32m  OK  [0m] Started Tell Plymouth To Write Out Runtime Data.
[[0;32m  OK  [0m] Started Commit a transient machine-id on disk.
[[0;32m  OK  [0m] Started Create Volatile Files and Directories.
         Starting Update UTMP about System Boot/Shutdown...
[[0;32m  OK  [0m] Started Update UTMP about System Boot/Shutdown.
[[0;32m  OK  [0m] Started udev Kernel Device Manager.
[[0;32m  OK  [0m] Started udev Coldplug all Devices.
[[0;32m  OK  [0m] Started Dispatch Password Requests to Console Directory Watch.
[[0;32m  OK  [0m] Found device /dev/ttyS0.
[[0;32m  OK  [0m] Listening on Load/Save RF Kill Switch Status /dev/rfkill Watch.
[[0;32m  OK  [0m] Started LSB: AppArmor initialization.
[   15.004634] cloud-init[459]: Cloud-init v. 21.1-19-gbad84ad4-0ubuntu1~16.04.2 running 'init-local' at Thu, 18 Aug 2022 01:55:58 +0000. Up 14.37 seconds.
[[0;32m  OK  [0m] Started Initial cloud-init job (pre-networking).
[[0;32m  OK  [0m] Reached target Network (Pre).
         Starting Raise network interfaces...
         Starting Load AppArmor profiles managed internally by snapd...
[[0;32m  OK  [0m] Started Load AppArmor profiles managed internally by snapd.
[[0;32m  OK  [0m] Started Set console font and keymap.
[[0;32m  OK  [0m] Created slice system-getty.slice.
[[0;32m  OK  [0m] Started Raise network interfaces.
         Starting Initial cloud-init job (metadata service crawler)...
[[0;32m  OK  [0m] Reached target Network.
[   21.037802] cloud-init[929]: Cloud-init v. 21.1-19-gbad84ad4-0ubuntu1~16.04.2 running 'init' at Thu, 18 Aug 2022 01:56:00 +0000. Up 16.34 seconds.
[   21.049144] cloud-init[929]: ci-info: ++++++++++++++++++++++++++++++++++++++Net device info++++++++++++++++++++++++++++++++++++++
[   21.055470] cloud-init[929]: ci-info: +--------+------+----------------------------+---------------+--------+-------------------+
[   21.061883] cloud-init[929]: ci-info: | Device |  Up  |          Address           |      Mask     | Scope  |     Hw-Address    |
[   21.068347] cloud-init[929]: ci-info: +--------+------+----------------------------+---------------+--------+-------------------+
[   21.076654] cloud-init[929]: ci-info: | enp0s3 | True |         10.0.2.15          | 255.255.255.0 | global | 02:be:82:6b:cc:1d |
[   21.085024] cloud-init[929]: ci-info: | enp0s3 | True | fe80::be:82ff:fe6b:cc1d/64 |       .       |  link  | 02:be:82:6b:cc:1d |
[   21.091993] cloud-init[929]: ci-info: |   lo   | True |         127.0.0.1          |   255.0.0.0   |  host  |         .         |
[   21.099488] cloud-init[929]: ci-info: |   lo   | True |          ::1/128           |       .       |  host  |         .         |
[   21.106221] cloud-init[929]: ci-info: +--------+------+----------------------------+---------------+--------+-------------------+
[   21.113121] cloud-init[929]: ci-info: +++++++++++++++++++++++++++Route IPv4 info++++++++++++++++++++++++++++
[   21.119642] cloud-init[929]: ci-info: +-------+-------------+----------+---------------+-----------+-------+
[   21.131150] cloud-init[929]: ci-info: | Route | Destination | Gateway  |    Genmask    | Interface | Flags |
[   21.139788] [[0;32m  OK  [0m] Started Initial cloud-init job (metadata service crawler).
[[0;32m  OK  [0m] Reached target Network is Online.
cloud-init[929]: ci-info: +-------+-------------+----------+---------------+-----------+-------+
[   21.152601] cloud-init[929]: ci-info: |   0   |   0.0.0.0   | 10.0.2.2 |    0.0.0.0    |   enp0s3  |   UG  |
[   21.161091]          Starting iSCSI initiator daemon (iscsid)...
[[0;32m  OK  [0m] Reached target Cloud-config availability.
[[0;32m  OK  [0m] Reached target System Initialization.
[[0;32m  OK  [0m] Started Message of the Day.
[[0;32m  OK  [0m] Started Ubuntu Advantage update messaging.
[[0;32m  OK  [0m] Listening on D-Bus System Message Bus Socket.
[[0;32m  OK  [0m] Started Daily apt download activities.
cloud-init[929]:          Starting LXD - unix socket.
[[0;32m  OK  [0m] Started Daily Cleanup of Temporary Directories.
[[0;32m  OK  [0m] Listening on ACPID Listen Socket.
ci-info: |   1   |   10.0.2.0  | 0.0.0.0  | 255.255.255.0 |   enp0s3  |   U   |[[0;32m  OK  [0m] Started ACPI Events Check.
[[0;32m  OK  [0m] Reached target Paths.
[[0;32m  OK  [0m] Started Daily apt upgrade and clean activities.
[[0;32m  OK  [0m] Reached target Timers.
[[0;32m  OK  [0m] Listening on UUID daemon activation socket.
         Starting Socket activation for snappy daemon.
[[0;32m  OK  [0m] Listening on LXD - unix socket.
[[0;32m  OK  [0m] Listening on Socket activation for snappy daemon.
[[0;32m  OK  [0m] Reached target Sockets.
[[0;32m  OK  [0m] Reached target Basic System.
         Starting System Logging Service...
         Starting LSB: Record successful boot for GRUB...

         Starting Pollinate to seed the pseudo random number generator...
         Starting Accounts Service...
         Starting Virtualbox guest utils...
         Starting LSB: MD monitoring daemon...
[   21.253115] cloud-init[929]: ci-info: +-------+-------------+----------+---------------+-----------+-------+
[   21.266824] cloud-init[929]: ci-info: +++++++++++++++++++Route IPv6 info+++++++++++++++++++
[   21.275966] cloud-init[929]: ci-info: +-------+-------------+---------+-----------+-------+
[   21.284781] [[0;32m  OK  [0m] Started ACPI event daemon.
[[0;32m  OK  [0m] Started Deferred execution scheduler.
[[0;32m  OK  [0m] Started FUSE filesystem for LXC.
[[0;32m  OK  [0m] Started D-Bus System Message Bus.
cloud-init[929]: ci-info: | Route | Destination | Gateway | Interface | Flags |
[   21.313180] cloud-init[929]: ci-info: +-------+-------------+---------+-----------+-------+
[   21.321378] cloud-init[929]: ci-info: |   0   |  fe80::/64  |    ::   |   enp0s3  |   U   |
[   21.347619] cloud-init[929]: ci-info: |   3   |   ff00::/8  |    ::   |   enp0s3  |   U   |
[   21.367298] cloud-init[929]: ci-info: +-------+-------------+---------+-----------+-------+
         Starting LXD - container startup/shutdown...
[   21.383312] cloud-init[929]: Generating public/private rsa key pair.
         Starting Login Service...
         Starting /etc/rc.local Compatibility...
[[0;32m  OK  [0m] Started Regular background program processing daemon.
         Starting Snap Daemon...
[[0;32m  OK  [0m] Started System Logging Service.
[   21.400389] cloud-init[929]: Your identification has been saved in /etc/ssh/ssh_host_rsa_key.
[   21.453844] cloud-init[929]: Your public key has been saved in /etc/ssh/ssh_host_rsa_key.pub.
[[0;32m  OK  [0m] Started /etc/rc.local Compatibility.
[   21.463812] cloud-init[929]: The key fingerprint is:
[   21.482331] cloud-init[929]: SHA256:96uCqIXk0FlhXEhE8R5o/IPPSpIoHbyvNQ06OtfVKYQ root@ubuntu-xenial
[   21.499310] cloud-init[929]: The key's randomart image is:
         Starting Authenticate and Authorize Users to Run Privileged Tasks...
[   21.530357] [[0;32m  OK  [0m] Started iSCSI initiator daemon (iscsid).
[[0;32m  OK  [0m] Started Login Service.
[[0;32m  OK  [0m] Started Unattended Upgrades Shutdown.
         Starting Login to default iSCSI targets...
cloud-init[929]: +---[RSA 2048]----+
[   21.561747] cloud-init[929]: |   =B+.          |
[   21.570803] cloud-init[929]: |   oo+           |
[[0;32m  OK  [0m] Started LSB: MD monitoring daemon.
[   21.591743] cloud-init[929]: |    =.o          |
[[0;32m  OK  [0m] Started LSB: Record successful boot for GRUB.
[   21.604027] cloud-init[929]: | o +E+..         |
[   21.655716] cloud-init[929]: |. * o.+.S..      |
[[0;32m  OK  [0m] Started Authenticate and Authorize Users to Run Privileged Tasks.
[[0;32m  OK  [0m] Started Accounts Service.
[   21.656849] cloud-init[929]: | * * =o.o. .     |
[   21.684657] cloud-init[929]: |o X.=o+o    .    |
[   21.699877] cloud-init[929]: |o..Boo. .    .   |
[   21.713786] cloud-init[929]: |.oooo    ....    |
[   21.737539] cloud-init[929]: +----[SHA256]-----+
[   21.737735] cloud-init[929]: Generating public/private dsa key pair.
[   21.737851] cloud-init[929]: Your identification has been saved in /etc/ssh/ssh_host_dsa_key.
[[0;32m  OK  [0m] Started Login to default iSCSI targets.
[[0;32m  OK  [0m] Reached target Remote File Systems (Pre).
[[0;32m  OK  [0m] Reached target Remote File Systems.
[   21.740791] cloud-init[929]: Your public key has been saved in /etc/ssh/ssh_host_dsa_key.pub.
[   21.769950] cloud-init[929]: The key fingerprint is:
         Starting LSB: automatic crash report generation...
         Starting LSB: Set the CPU Frequency Scaling governor to "ondemand"...
         Starting LSB: daemon to balance interrupts for SMP systems...
         Starting Permit User Sessions...
[[0;32m  OK  [0m] Started Permit User Sessions.
         Starting Terminate Plymouth Boot Screen...
         Starting Hold until boot process finishes up...
[[0;32m  OK  [0m] Started Hold until boot process finishes up.
[   21.775457] cloud-init[929]: SHA256:n8SgKfZBJaE6tvhYXU1rmJp7468WWlu7PA25Qtp+Y40 root@ubuntu-xenial
         Starting Set console scheme...
[[0;32m  OK  [0m] Started Serial Getty on ttyS0.
[[0;32m  OK  [0m] Started Getty on tty1.
[[0;32m  OK  [0m] Reached target Login Prompts.
[   21.842202] cloud-init[929]: The key's randomart image is:
[   21.865127] cloud-init[929]: +---[DSA 1024]----+
[   21.865641] cloud-init[929]: |      o..        |
[   21.866075] cloud-init[929]: |     . o         |
[   21.866592] cloud-init[929]: |    . . o        |
[   21.867013] cloud-init[929]: |   . . B +       |
[[0;32m  OK  [0m] Started Terminate Plymouth Boot Screen.
[[0;32m  OK  [0m] Started Set console scheme.
[   21.867469] cloud-init[929]: |  + o B S.o      |
[   21.886151] cloud-init[929]: | o = *+o+o .     |
[   21.903579] cloud-init[929]: |. o +*.+ Bo      |
[   21.917071] cloud-init[929]: | +  o.B.E o      |
[   21.928469] cloud-init[929]: |. . .=+B++       |
[   21.932839] cloud-init[929]: +----[SHA256]-----+
[[   21.938108] cloud-init[929]: Generating public/private ecdsa key pair.
[0;32m  OK  [0m[   21.944341] cloud-init[929]: Your identification has been saved in /etc/ssh/ssh_host_ecdsa_key.
[   21.946104] cloud-init[929]: Your public key has been saved in /etc/ssh/ssh_host_ecdsa_key.pub.
[   21.947209] cloud-init[929]: The key fingerprint is:
[   21.955617] cloud-init[929]: SHA256:HbonQtiCWEd5qZjzjvBaFtBki3G3jK6hBx7Vg+LJ7oE root@ubuntu-xenial
[   21.956764] cloud-init[929]: The key's randomart image is:
[   21.960292] cloud-init[929]: +---[ECDSA 256]---+
[   21.961967] cloud-init[929]: |. + o. .         |
[   21.962262] cloud-init[929]: | B *+.o          |
[   21.962955] cloud-init[929]: |o.==+=    .      |
[   21.964254] cloud-init[929]: |o=Bo.o.  o .     |
[   21.964616] cloud-init[929]: |+=+oo o S .      |
[   21.964896] cloud-init[929]: |*+...o   .       |
[   21.965333] cloud-init[929]: |E*+o  . o .      |
[   21.965876] cloud-init[929]: |.++ .  . o       |
[   21.966381] cloud-init[929]: |.o               |
[   21.968268] cloud-init[929]: +----[SHA256]-----+
[   21.968640] cloud-init[929]: Generating public/private ed25519 key pair.
[   21.969599] cloud-init[929]: Your identification has been saved in /etc/ssh/ssh_host_ed25519_key.
[   21.970089] cloud-init[929]: Your public key has been saved in /etc/ssh/ssh_host_ed25519_key.pub.
[   21.970536] cloud-init[929]: The key fingerprint is:
[   21.972377] cloud-init[929]: SHA256:Oset6IaAkabODFhaj1mwUDJgaGl4qiyJHkx9sqzZd9w root@ubuntu-xenial
[   21.973398] cloud-init[929]: The key's randomart image is:
[   21.974864] cloud-init[929]: +--[ED25519 256]--+
[   21.980397] cloud-init[929]: |Boo              |
[   21.980633] cloud-init[929]: |=*o              |
[   21.981108] cloud-init[929]: |o=.o             |
[   21.981581] cloud-init[929]: |+o+o..           |
[   21.982053] cloud-init[929]: |XB.=+   S        |
[   21.982546] cloud-init[929]: |@++o.  o .       |
[   21.982991] cloud-init[929]: |B =. .+ + .      |
[   21.983449] cloud-init[929]: | B ....* E       |
[   21.984852] cloud-init[929]: |    .o+ .        |
[   21.985735] cloud-init[929]: +----[SHA256]-----+
] Started LSB: Set the CPU Frequency Scaling governor to "ondemand".
[[0;32m  OK  [0m] Started LSB: automatic crash report generation.
[[0;32m  OK  [0m] Started LSB: daemon to balance interrupts for SMP systems.
[[0;32m  OK  [0m] Started LXD - container startup/shutdown.
[[0;32m  OK  [0m] Started Virtualbox guest utils.
[[0;32m  OK  [0m] Started Snap Daemon.
         Starting Wait until snapd is fully seeded...
[[0;32m  OK  [0m] Started Pollinate to seed the pseudo random number generator.
         Starting OpenBSD Secure Shell server...
[[0;32m  OK  [0m] Started OpenBSD Secure Shell server.
[[0;32m  OK  [0m] Created slice User Slice of vagrant.
         Starting User Manager for UID 1000...
[[0;32m  OK  [0m] Started Session 1 of user vagrant.
[[0;32m  OK  [0m] Started User Manager for UID 1000.
[[0;32m  OK  [0m] Started Wait until snapd is fully seeded.
         Starting Apply the settings specified in cloud-config...
[[0;32m  OK  [0m] Reached target Multi-User System.
[[0;32m  OK  [0m] Reached target Graphical Interface.
         Starting Update UTMP about System Runlevel Changes...
[[0;32m  OK  [0m] Started Update UTMP about System Runlevel Changes.
[   26.133289] cloud-init[1464]: Generating locales (this might take a while)...
[   27.412893] cloud-init[1464]:   en_US.UTF-8... done
[   27.416197] cloud-init[1464]: Generation complete.
[   27.911232] cloud-init[1464]: Cloud-init v. 21.1-19-gbad84ad4-0ubuntu1~16.04.2 running 'modules:config' at Thu, 18 Aug 2022 01:56:09 +0000. Up 25.98 seconds.

Ubuntu 16.04.7 LTS ubuntu-xenial ttyS0

ubuntu-xenial login: ci-info: no authorized SSH keys fingerprints found for user ubuntu.
<14>Aug 18 01:56:12 ec2: 
<14>Aug 18 01:56:12 ec2: #############################################################
<14>Aug 18 01:56:12 ec2: -----BEGIN SSH HOST KEY FINGERPRINTS-----
<14>Aug 18 01:56:12 ec2: 1024 SHA256:n8SgKfZBJaE6tvhYXU1rmJp7468WWlu7PA25Qtp+Y40 root@ubuntu-xenial (DSA)
<14>Aug 18 01:56:12 ec2: 256 SHA256:HbonQtiCWEd5qZjzjvBaFtBki3G3jK6hBx7Vg+LJ7oE root@ubuntu-xenial (ECDSA)
<14>Aug 18 01:56:12 ec2: 256 SHA256:Oset6IaAkabODFhaj1mwUDJgaGl4qiyJHkx9sqzZd9w root@ubuntu-xenial (ED25519)
<14>Aug 18 01:56:12 ec2: 2048 SHA256:96uCqIXk0FlhXEhE8R5o/IPPSpIoHbyvNQ06OtfVKYQ root@ubuntu-xenial (RSA)
<14>Aug 18 01:56:12 ec2: -----END SSH HOST KEY FINGERPRINTS-----
<14>Aug 18 01:56:12 ec2: #############################################################
-----BEGIN SSH HOST KEY KEYS-----
ecdsa-sha2-nistp256 AAAAE2VjZHNhLXNoYTItbmlzdHAyNTYAAAAIbmlzdHAyNTYAAABBBDv/GWKocX2amgyz2OTSY1olfhqd2JDQAlMGfhLWlf/KH5X/QZz+H57vCTqW3tDkKRic7jIRsXLs2j5I2PMjP/I= root@ubuntu-xenial
ssh-ed25519 AAAAC3NzaC1lZDI1NTE5AAAAIOF8+0rJVBkJBGG4GHyQP3j/bI6kKp3MZD8Fl2k4jJl2 root@ubuntu-xenial
ssh-rsa AAAAB3NzaC1yc2EAAAADAQABAAABAQClyYF+CSvgBORcrWqKydcsDz+iTOd+wjvom8YAgtpR4/enQ+5KfutjYIAnFVyKa7RomwCu3ymJEQcspY1GsCNspcu/mwSCL6gYZVkvZosLv24xDgEWUEvuuzlc+CgxPuYWl113z0whCK+P2U7W0GayIcqNGkrBxwJYEWOPSqfZ01e2taJk0n4zYqz/OiDTIP1BuYlqlOw/GfRaW1lpIK+UhcQH3oLltUyGtEFfpxRqkfXj8+l6IQ1pj6mp41hBL6p11Hyzv/6+l/9BrWFFKzdGXPgFf57mYME41kBU67EueiJUNYz94q16LJOR6fhHx4C2LJDQdA8Yk93xIqTr58YB root@ubuntu-xenial
-----END SSH HOST KEY KEYS-----
[   28.450731] cloud-init[1631]: Cloud-init v. 21.1-19-gbad84ad4-0ubuntu1~16.04.2 running 'modules:final' at Thu, 18 Aug 2022 01:56:12 +0000. Up 28.25 seconds.
[   28.459926] cloud-init[1631]: ci-info: no authorized SSH keys fingerprints found for user ubuntu.
[   28.467370] cloud-init[1631]: Cloud-init v. 21.1-19-gbad84ad4-0ubuntu1~16.04.2 finished at Thu, 18 Aug 2022 01:56:12 +0000. Datasource DataSourceNoCloud [seed=/dev/sdb][dsmode=net].  Up 28.40 seconds
